<?xml version="1.0" encoding="UTF-8" standalone="yes"?><!DOCTYPE report PUBLIC "-//JACOCO//DTD Report 1.0//EN" "report.dtd"><report name="calculator_rickardb_daniels"><sessioninfo id="DESKTOP-SJO0L42-a6dd6646" start="1478520162159" dump="1478520164834"/><package name="classes"><class name="classes/Gui"><method name="&lt;init&gt;" desc="()V" line="22"><counter type="INSTRUCTION" missed="0" covered="203"/><counter type="LINE" missed="0" covered="40"/><counter type="COMPLEXITY" missed="0" covered="1"/><counter type="METHOD" missed="0" covered="1"/></method><method name="createGUI" desc="()V" line="84"><counter type="INSTRUCTION" missed="0" covered="26"/><counter type="LINE" missed="0" covered="6"/><counter type="COMPLEXITY" missed="0" covered="1"/><counter type="METHOD" missed="0" covered="1"/></method><method name="addComponentsToFrame" desc="()V" line="98"><counter type="INSTRUCTION" missed="0" covered="465"/><counter type="LINE" missed="0" covered="71"/><counter type="COMPLEXITY" missed="0" covered="1"/><counter type="METHOD" missed="0" covered="1"/></method><method name="addActionListeners" desc="()V" line="202"><counter type="INSTRUCTION" missed="0" covered="89"/><counter type="LINE" missed="0" covered="23"/><counter type="COMPLEXITY" missed="0" covered="1"/><counter type="METHOD" missed="0" covered="1"/></method><method name="actionPerformed" desc="(Ljava/awt/event/ActionEvent;)V" line="233"><counter type="INSTRUCTION" missed="1286" covered="0"/><counter type="BRANCH" missed="255" covered="0"/><counter type="LINE" missed="268" covered="0"/><counter type="COMPLEXITY" missed="131" covered="0"/><counter type="METHOD" missed="1" covered="0"/></method><method name="getBtn8" desc="()Ljavax/swing/JButton;" line="681"><counter type="INSTRUCTION" missed="3" covered="0"/><counter type="LINE" missed="1" covered="0"/><counter type="COMPLEXITY" missed="1" covered="0"/><counter type="METHOD" missed="1" covered="0"/></method><method name="setBtn8" desc="(Ljavax/swing/JButton;)V" line="688"><counter type="INSTRUCTION" missed="4" covered="0"/><counter type="LINE" missed="2" covered="0"/><counter type="COMPLEXITY" missed="1" covered="0"/><counter type="METHOD" missed="1" covered="0"/></method><method name="getValue1" desc="()Ljava/lang/String;" line="695"><counter type="INSTRUCTION" missed="3" covered="0"/><counter type="LINE" missed="1" covered="0"/><counter type="COMPLEXITY" missed="1" covered="0"/><counter type="METHOD" missed="1" covered="0"/></method><method name="setValue1" desc="(Ljava/lang/String;)V" line="702"><counter type="INSTRUCTION" missed="4" covered="0"/><counter type="LINE" missed="2" covered="0"/><counter type="COMPLEXITY" missed="1" covered="0"/><counter type="METHOD" missed="1" covered="0"/></method><method name="getValue2" desc="()Ljava/lang/String;" line="709"><counter type="INSTRUCTION" missed="3" covered="0"/><counter type="LINE" missed="1" covered="0"/><counter type="COMPLEXITY" missed="1" covered="0"/><counter type="METHOD" missed="1" covered="0"/></method><method name="setValue2" desc="(Ljava/lang/String;)V" line="716"><counter type="INSTRUCTION" missed="4" covered="0"/><counter type="LINE" missed="2" covered="0"/><counter type="COMPLEXITY" missed="1" covered="0"/><counter type="METHOD" missed="1" covered="0"/></method><method name="getsAnswer" desc="()Ljava/lang/String;" line="723"><counter type="INSTRUCTION" missed="3" covered="0"/><counter type="LINE" missed="1" covered="0"/><counter type="COMPLEXITY" missed="1" covered="0"/><counter type="METHOD" missed="1" covered="0"/></method><method name="setsAnswer" desc="(Ljava/lang/String;)V" line="730"><counter type="INSTRUCTION" missed="4" covered="0"/><counter type="LINE" missed="2" covered="0"/><counter type="COMPLEXITY" missed="1" covered="0"/><counter type="METHOD" missed="1" covered="0"/></method><method name="getAnswer" desc="()D" line="737"><counter type="INSTRUCTION" missed="3" covered="0"/><counter type="LINE" missed="1" covered="0"/><counter type="COMPLEXITY" missed="1" covered="0"/><counter type="METHOD" missed="1" covered="0"/></method><method name="setAnswer" desc="(D)V" line="744"><counter type="INSTRUCTION" missed="4" covered="0"/><counter type="LINE" missed="2" covered="0"/><counter type="COMPLEXITY" missed="1" covered="0"/><counter type="METHOD" missed="1" covered="0"/></method><method name="isEqualsClicked" desc="()Z" line="751"><counter type="INSTRUCTION" missed="3" covered="0"/><counter type="LINE" missed="1" covered="0"/><counter type="COMPLEXITY" missed="1" covered="0"/><counter type="METHOD" missed="1" covered="0"/></method><method name="setEqualsClicked" desc="(Z)V" line="758"><counter type="INSTRUCTION" missed="4" covered="0"/><counter type="LINE" missed="2" covered="0"/><counter type="COMPLEXITY" missed="1" covered="0"/><counter type="METHOD" missed="1" covered="0"/></method><method name="isOpChosen" desc="()Z" line="765"><counter type="INSTRUCTION" missed="3" covered="0"/><counter type="LINE" missed="1" covered="0"/><counter type="COMPLEXITY" missed="1" covered="0"/><counter type="METHOD" missed="1" covered="0"/></method><method name="setOpChosen" desc="(Z)V" line="772"><counter type="INSTRUCTION" missed="4" covered="0"/><counter type="LINE" missed="2" covered="0"/><counter type="COMPLEXITY" missed="1" covered="0"/><counter type="METHOD" missed="1" covered="0"/></method><method name="getOperation" desc="()C" line="779"><counter type="INSTRUCTION" missed="3" covered="0"/><counter type="LINE" missed="1" covered="0"/><counter type="COMPLEXITY" missed="1" covered="0"/><counter type="METHOD" missed="1" covered="0"/></method><method name="setOperation" desc="(C)V" line="786"><counter type="INSTRUCTION" missed="4" covered="0"/><counter type="LINE" missed="2" covered="0"/><counter type="COMPLEXITY" missed="1" covered="0"/><counter type="METHOD" missed="1" covered="0"/></method><method name="getBtn7" desc="()Ljavax/swing/JButton;" line="793"><counter type="INSTRUCTION" missed="3" covered="0"/><counter type="LINE" missed="1" covered="0"/><counter type="COMPLEXITY" missed="1" covered="0"/><counter type="METHOD" missed="1" covered="0"/></method><method name="setBtn7" desc="(Ljavax/swing/JButton;)V" line="800"><counter type="INSTRUCTION" missed="4" covered="0"/><counter type="LINE" missed="2" covered="0"/><counter type="COMPLEXITY" missed="1" covered="0"/><counter type="METHOD" missed="1" covered="0"/></method><method name="getBtn9" desc="()Ljavax/swing/JButton;" line="807"><counter type="INSTRUCTION" missed="3" covered="0"/><counter type="LINE" missed="1" covered="0"/><counter type="COMPLEXITY" missed="1" covered="0"/><counter type="METHOD" missed="1" covered="0"/></method><method name="setBtn9" desc="(Ljavax/swing/JButton;)V" line="814"><counter type="INSTRUCTION" missed="4" covered="0"/><counter type="LINE" missed="2" covered="0"/><counter type="COMPLEXITY" missed="1" covered="0"/><counter type="METHOD" missed="1" covered="0"/></method><method name="getBtn4" desc="()Ljavax/swing/JButton;" line="821"><counter type="INSTRUCTION" missed="3" covered="0"/><counter type="LINE" missed="1" covered="0"/><counter type="COMPLEXITY" missed="1" covered="0"/><counter type="METHOD" missed="1" covered="0"/></method><method name="setBtn4" desc="(Ljavax/swing/JButton;)V" line="828"><counter type="INSTRUCTION" missed="4" covered="0"/><counter type="LINE" missed="2" covered="0"/><counter type="COMPLEXITY" missed="1" covered="0"/><counter type="METHOD" missed="1" covered="0"/></method><method name="getBtn5" desc="()Ljavax/swing/JButton;" line="835"><counter type="INSTRUCTION" missed="3" covered="0"/><counter type="LINE" missed="1" covered="0"/><counter type="COMPLEXITY" missed="1" covered="0"/><counter type="METHOD" missed="1" covered="0"/></method><method name="setBtn5" desc="(Ljavax/swing/JButton;)V" line="842"><counter type="INSTRUCTION" missed="4" covered="0"/><counter type="LINE" missed="2" covered="0"/><counter type="COMPLEXITY" missed="1" covered="0"/><counter type="METHOD" missed="1" covered="0"/></method><method name="getBtn6" desc="()Ljavax/swing/JButton;" line="849"><counter type="INSTRUCTION" missed="3" covered="0"/><counter type="LINE" missed="1" covered="0"/><counter type="COMPLEXITY" missed="1" covered="0"/><counter type="METHOD" missed="1" covered="0"/></method><method name="setBtn6" desc="(Ljavax/swing/JButton;)V" line="856"><counter type="INSTRUCTION" missed="4" covered="0"/><counter type="LINE" missed="2" covered="0"/><counter type="COMPLEXITY" missed="1" covered="0"/><counter type="METHOD" missed="1" covered="0"/></method><method name="getBtn1" desc="()Ljavax/swing/JButton;" line="863"><counter type="INSTRUCTION" missed="3" covered="0"/><counter type="LINE" missed="1" covered="0"/><counter type="COMPLEXITY" missed="1" covered="0"/><counter type="METHOD" missed="1" covered="0"/></method><method name="setBtn1" desc="(Ljavax/swing/JButton;)V" line="870"><counter type="INSTRUCTION" missed="4" covered="0"/><counter type="LINE" missed="2" covered="0"/><counter type="COMPLEXITY" missed="1" covered="0"/><counter type="METHOD" missed="1" covered="0"/></method><method name="getBtn2" desc="()Ljavax/swing/JButton;" line="877"><counter type="INSTRUCTION" missed="3" covered="0"/><counter type="LINE" missed="1" covered="0"/><counter type="COMPLEXITY" missed="1" covered="0"/><counter type="METHOD" missed="1" covered="0"/></method><method name="setBtn2" desc="(Ljavax/swing/JButton;)V" line="884"><counter type="INSTRUCTION" missed="4" covered="0"/><counter type="LINE" missed="2" covered="0"/><counter type="COMPLEXITY" missed="1" covered="0"/><counter type="METHOD" missed="1" covered="0"/></method><method name="getBtn3" desc="()Ljavax/swing/JButton;" line="891"><counter type="INSTRUCTION" missed="3" covered="0"/><counter type="LINE" missed="1" covered="0"/><counter type="COMPLEXITY" missed="1" covered="0"/><counter type="METHOD" missed="1" covered="0"/></method><method name="setBtn3" desc="(Ljavax/swing/JButton;)V" line="898"><counter type="INSTRUCTION" missed="4" covered="0"/><counter type="LINE" missed="2" covered="0"/><counter type="COMPLEXITY" missed="1" covered="0"/><counter type="METHOD" missed="1" covered="0"/></method><method name="getBtn0" desc="()Ljavax/swing/JButton;" line="905"><counter type="INSTRUCTION" missed="3" covered="0"/><counter type="LINE" missed="1" covered="0"/><counter type="COMPLEXITY" missed="1" covered="0"/><counter type="METHOD" missed="1" covered="0"/></method><method name="setBtn0" desc="(Ljavax/swing/JButton;)V" line="912"><counter type="INSTRUCTION" missed="4" covered="0"/><counter type="LINE" missed="2" covered="0"/><counter type="COMPLEXITY" missed="1" covered="0"/><counter type="METHOD" missed="1" covered="0"/></method><method name="getBtn_squirt" desc="()Ljavax/swing/JButton;" line="919"><counter type="INSTRUCTION" missed="3" covered="0"/><counter type="LINE" missed="1" covered="0"/><counter type="COMPLEXITY" missed="1" covered="0"/><counter type="METHOD" missed="1" covered="0"/></method><method name="setBtn_squirt" desc="(Ljavax/swing/JButton;)V" line="926"><counter type="INSTRUCTION" missed="4" covered="0"/><counter type="LINE" missed="2" covered="0"/><counter type="COMPLEXITY" missed="1" covered="0"/><counter type="METHOD" missed="1" covered="0"/></method><method name="getBtn_pow" desc="()Ljavax/swing/JButton;" line="933"><counter type="INSTRUCTION" missed="3" covered="0"/><counter type="LINE" missed="1" covered="0"/><counter type="COMPLEXITY" missed="1" covered="0"/><counter type="METHOD" missed="1" covered="0"/></method><method name="setBtn_pow" desc="(Ljavax/swing/JButton;)V" line="940"><counter type="INSTRUCTION" missed="4" covered="0"/><counter type="LINE" missed="2" covered="0"/><counter type="COMPLEXITY" missed="1" covered="0"/><counter type="METHOD" missed="1" covered="0"/></method><method name="getBtn_degrees" desc="()Ljavax/swing/JButton;" line="947"><counter type="INSTRUCTION" missed="3" covered="0"/><counter type="LINE" missed="1" covered="0"/><counter type="COMPLEXITY" missed="1" covered="0"/><counter type="METHOD" missed="1" covered="0"/></method><method name="setBtn_degrees" desc="(Ljavax/swing/JButton;)V" line="954"><counter type="INSTRUCTION" missed="4" covered="0"/><counter type="LINE" missed="2" covered="0"/><counter type="COMPLEXITY" missed="1" covered="0"/><counter type="METHOD" missed="1" covered="0"/></method><method name="getBtn_radian" desc="()Ljavax/swing/JButton;" line="961"><counter type="INSTRUCTION" missed="3" covered="0"/><counter type="LINE" missed="1" covered="0"/><counter type="COMPLEXITY" missed="1" covered="0"/><counter type="METHOD" missed="1" covered="0"/></method><method name="setBtn_radian" desc="(Ljavax/swing/JButton;)V" line="968"><counter type="INSTRUCTION" missed="4" covered="0"/><counter type="LINE" missed="2" covered="0"/><counter type="COMPLEXITY" missed="1" covered="0"/><counter type="METHOD" missed="1" covered="0"/></method><method name="getBtn_clear" desc="()Ljavax/swing/JButton;" line="975"><counter type="INSTRUCTION" missed="3" covered="0"/><counter type="LINE" missed="1" covered="0"/><counter type="COMPLEXITY" missed="1" covered="0"/><counter type="METHOD" missed="1" covered="0"/></method><method name="setBtn_clear" desc="(Ljavax/swing/JButton;)V" line="982"><counter type="INSTRUCTION" missed="4" covered="0"/><counter type="LINE" missed="2" covered="0"/><counter type="COMPLEXITY" missed="1" covered="0"/><counter type="METHOD" missed="1" covered="0"/></method><method name="getBtn_addition" desc="()Ljavax/swing/JButton;" line="989"><counter type="INSTRUCTION" missed="3" covered="0"/><counter type="LINE" missed="1" covered="0"/><counter type="COMPLEXITY" missed="1" covered="0"/><counter type="METHOD" missed="1" covered="0"/></method><method name="setBtn_addition" desc="(Ljavax/swing/JButton;)V" line="996"><counter type="INSTRUCTION" missed="4" covered="0"/><counter type="LINE" missed="2" covered="0"/><counter type="COMPLEXITY" missed="1" covered="0"/><counter type="METHOD" missed="1" covered="0"/></method><method name="getBtn_subtraction" desc="()Ljavax/swing/JButton;" line="1003"><counter type="INSTRUCTION" missed="3" covered="0"/><counter type="LINE" missed="1" covered="0"/><counter type="COMPLEXITY" missed="1" covered="0"/><counter type="METHOD" missed="1" covered="0"/></method><method name="setBtn_subtraction" desc="(Ljavax/swing/JButton;)V" line="1010"><counter type="INSTRUCTION" missed="4" covered="0"/><counter type="LINE" missed="2" covered="0"/><counter type="COMPLEXITY" missed="1" covered="0"/><counter type="METHOD" missed="1" covered="0"/></method><method name="getBtn_division" desc="()Ljavax/swing/JButton;" line="1017"><counter type="INSTRUCTION" missed="3" covered="0"/><counter type="LINE" missed="1" covered="0"/><counter type="COMPLEXITY" missed="1" covered="0"/><counter type="METHOD" missed="1" covered="0"/></method><method name="setBtn_division" desc="(Ljavax/swing/JButton;)V" line="1024"><counter type="INSTRUCTION" missed="4" covered="0"/><counter type="LINE" missed="2" covered="0"/><counter type="COMPLEXITY" missed="1" covered="0"/><counter type="METHOD" missed="1" covered="0"/></method><method name="getBtn_multiply" desc="()Ljavax/swing/JButton;" line="1031"><counter type="INSTRUCTION" missed="3" covered="0"/><counter type="LINE" missed="1" covered="0"/><counter type="COMPLEXITY" missed="1" covered="0"/><counter type="METHOD" missed="1" covered="0"/></method><method name="setBtn_multiply" desc="(Ljavax/swing/JButton;)V" line="1038"><counter type="INSTRUCTION" missed="4" covered="0"/><counter type="LINE" missed="2" covered="0"/><counter type="COMPLEXITY" missed="1" covered="0"/><counter type="METHOD" missed="1" covered="0"/></method><method name="getBtn_random" desc="()Ljavax/swing/JButton;" line="1045"><counter type="INSTRUCTION" missed="3" covered="0"/><counter type="LINE" missed="1" covered="0"/><counter type="COMPLEXITY" missed="1" covered="0"/><counter type="METHOD" missed="1" covered="0"/></method><method name="setBtn_random" desc="(Ljavax/swing/JButton;)V" line="1052"><counter type="INSTRUCTION" missed="4" covered="0"/><counter type="LINE" missed="2" covered="0"/><counter type="COMPLEXITY" missed="1" covered="0"/><counter type="METHOD" missed="1" covered="0"/></method><method name="getBtn_mod" desc="()Ljavax/swing/JButton;" line="1059"><counter type="INSTRUCTION" missed="3" covered="0"/><counter type="LINE" missed="1" covered="0"/><counter type="COMPLEXITY" missed="1" covered="0"/><counter type="METHOD" missed="1" covered="0"/></method><method name="setBtn_mod" desc="(Ljavax/swing/JButton;)V" line="1066"><counter type="INSTRUCTION" missed="4" covered="0"/><counter type="LINE" missed="2" covered="0"/><counter type="COMPLEXITY" missed="1" covered="0"/><counter type="METHOD" missed="1" covered="0"/></method><method name="getBtn_equals" desc="()Ljavax/swing/JButton;" line="1073"><counter type="INSTRUCTION" missed="3" covered="0"/><counter type="LINE" missed="1" covered="0"/><counter type="COMPLEXITY" missed="1" covered="0"/><counter type="METHOD" missed="1" covered="0"/></method><method name="setBtn_equals" desc="(Ljavax/swing/JButton;)V" line="1080"><counter type="INSTRUCTION" missed="4" covered="0"/><counter type="LINE" missed="2" covered="0"/><counter type="COMPLEXITY" missed="1" covered="0"/><counter type="METHOD" missed="1" covered="0"/></method><method name="getField_input1" desc="()Ljavax/swing/JTextField;" line="1087"><counter type="INSTRUCTION" missed="3" covered="0"/><counter type="LINE" missed="1" covered="0"/><counter type="COMPLEXITY" missed="1" covered="0"/><counter type="METHOD" missed="1" covered="0"/></method><method name="setField_input1" desc="(Ljavax/swing/JTextField;)V" line="1094"><counter type="INSTRUCTION" missed="4" covered="0"/><counter type="LINE" missed="2" covered="0"/><counter type="COMPLEXITY" missed="1" covered="0"/><counter type="METHOD" missed="1" covered="0"/></method><method name="getField_input2" desc="()Ljavax/swing/JTextField;" line="1101"><counter type="INSTRUCTION" missed="3" covered="0"/><counter type="LINE" missed="1" covered="0"/><counter type="COMPLEXITY" missed="1" covered="0"/><counter type="METHOD" missed="1" covered="0"/></method><method name="setField_input2" desc="(Ljavax/swing/JTextField;)V" line="1108"><counter type="INSTRUCTION" missed="4" covered="0"/><counter type="LINE" missed="2" covered="0"/><counter type="COMPLEXITY" missed="1" covered="0"/><counter type="METHOD" missed="1" covered="0"/></method><method name="getField_result" desc="()Ljavax/swing/JTextField;" line="1115"><counter type="INSTRUCTION" missed="3" covered="0"/><counter type="LINE" missed="1" covered="0"/><counter type="COMPLEXITY" missed="1" covered="0"/><counter type="METHOD" missed="1" covered="0"/></method><method name="setField_result" desc="(Ljavax/swing/JTextField;)V" line="1122"><counter type="INSTRUCTION" missed="4" covered="0"/><counter type="LINE" missed="2" covered="0"/><counter type="COMPLEXITY" missed="1" covered="0"/><counter type="METHOD" missed="1" covered="0"/></method><method name="getLabel_equals" desc="()Ljavax/swing/JLabel;" line="1129"><counter type="INSTRUCTION" missed="3" covered="0"/><counter type="LINE" missed="1" covered="0"/><counter type="COMPLEXITY" missed="1" covered="0"/><counter type="METHOD" missed="1" covered="0"/></method><method name="setLabel_equals" desc="(Ljavax/swing/JLabel;)V" line="1136"><counter type="INSTRUCTION" missed="4" covered="0"/><counter type="LINE" missed="2" covered="0"/><counter type="COMPLEXITY" missed="1" covered="0"/><counter type="METHOD" missed="1" covered="0"/></method><method name="getLabel_choosenOperation" desc="()Ljavax/swing/JLabel;" line="1143"><counter type="INSTRUCTION" missed="3" covered="0"/><counter type="LINE" missed="1" covered="0"/><counter type="COMPLEXITY" missed="1" covered="0"/><counter type="METHOD" missed="1" covered="0"/></method><method name="setLabel_choosenOperation" desc="(Ljavax/swing/JLabel;)V" line="1150"><counter type="INSTRUCTION" missed="4" covered="0"/><counter type="LINE" missed="2" covered="0"/><counter type="COMPLEXITY" missed="1" covered="0"/><counter type="METHOD" missed="1" covered="0"/></method><counter type="INSTRUCTION" missed="1524" covered="783"/><counter type="BRANCH" missed="255" covered="0"/><counter type="LINE" missed="370" covered="140"/><counter type="COMPLEXITY" missed="199" covered="4"/><counter type="METHOD" missed="69" covered="4"/><counter type="CLASS" missed="0" covered="1"/></class><class name="classes/Main"><method name="&lt;init&gt;" desc="()V" line="10"><counter type="INSTRUCTION" missed="0" covered="3"/><counter type="LINE" missed="0" covered="1"/><counter type="COMPLEXITY" missed="0" covered="1"/><counter type="METHOD" missed="0" covered="1"/></method><method name="main" desc="([Ljava/lang/String;)V" line="13"><counter type="INSTRUCTION" missed="0" covered="9"/><counter type="LINE" missed="0" covered="3"/><counter type="COMPLEXITY" missed="0" covered="1"/><counter type="METHOD" missed="0" covered="1"/></method><counter type="INSTRUCTION" missed="0" covered="12"/><counter type="LINE" missed="0" covered="4"/><counter type="COMPLEXITY" missed="0" covered="2"/><counter type="METHOD" missed="0" covered="2"/><counter type="CLASS" missed="0" covered="1"/></class><class name="classes/BasicOperations"><method name="&lt;init&gt;" desc="()V" line="11"><counter type="INSTRUCTION" missed="0" covered="3"/><counter type="LINE" missed="0" covered="1"/><counter type="COMPLEXITY" missed="0" covered="1"/><counter type="METHOD" missed="0" covered="1"/></method><method name="Addition" desc="(DD)D" line="14"><counter type="INSTRUCTION" missed="0" covered="4"/><counter type="LINE" missed="0" covered="1"/><counter type="COMPLEXITY" missed="0" covered="1"/><counter type="METHOD" missed="0" covered="1"/></method><method name="Subtraction" desc="(DD)D" line="18"><counter type="INSTRUCTION" missed="0" covered="4"/><counter type="LINE" missed="0" covered="1"/><counter type="COMPLEXITY" missed="0" covered="1"/><counter type="METHOD" missed="0" covered="1"/></method><method name="Multiplication" desc="(DD)D" line="22"><counter type="INSTRUCTION" missed="0" covered="4"/><counter type="LINE" missed="0" covered="1"/><counter type="COMPLEXITY" missed="0" covered="1"/><counter type="METHOD" missed="0" covered="1"/></method><method name="Division" desc="(DD)D" line="26"><counter type="INSTRUCTION" missed="0" covered="4"/><counter type="LINE" missed="0" covered="1"/><counter type="COMPLEXITY" missed="0" covered="1"/><counter type="METHOD" missed="0" covered="1"/></method><counter type="INSTRUCTION" missed="0" covered="19"/><counter type="LINE" missed="0" covered="5"/><counter type="COMPLEXITY" missed="0" covered="5"/><counter type="METHOD" missed="0" covered="5"/><counter type="CLASS" missed="0" covered="1"/></class><class name="classes/AdvancedOperations"><method name="&lt;init&gt;" desc="()V" line="11"><counter type="INSTRUCTION" missed="0" covered="3"/><counter type="LINE" missed="0" covered="1"/><counter type="COMPLEXITY" missed="0" covered="1"/><counter type="METHOD" missed="0" covered="1"/></method><method name="SquareRoot" desc="(D)D" line="14"><counter type="INSTRUCTION" missed="0" covered="3"/><counter type="LINE" missed="0" covered="1"/><counter type="COMPLEXITY" missed="0" covered="1"/><counter type="METHOD" missed="0" covered="1"/></method><method name="Pow" desc="(DD)D" line="18"><counter type="INSTRUCTION" missed="0" covered="4"/><counter type="LINE" missed="0" covered="1"/><counter type="COMPLEXITY" missed="0" covered="1"/><counter type="METHOD" missed="0" covered="1"/></method><method name="toDegrees" desc="(D)D" line="22"><counter type="INSTRUCTION" missed="0" covered="3"/><counter type="LINE" missed="0" covered="1"/><counter type="COMPLEXITY" missed="0" covered="1"/><counter type="METHOD" missed="0" covered="1"/></method><method name="toRadians" desc="(D)D" line="26"><counter type="INSTRUCTION" missed="0" covered="3"/><counter type="LINE" missed="0" covered="1"/><counter type="COMPLEXITY" missed="0" covered="1"/><counter type="METHOD" missed="0" covered="1"/></method><method name="Random" desc="()D" line="30"><counter type="INSTRUCTION" missed="0" covered="2"/><counter type="LINE" missed="0" covered="1"/><counter type="COMPLEXITY" missed="0" covered="1"/><counter type="METHOD" missed="0" covered="1"/></method><method name="Modula" desc="(DD)D" line="34"><counter type="INSTRUCTION" missed="0" covered="4"/><counter type="LINE" missed="0" covered="1"/><counter type="COMPLEXITY" missed="0" covered="1"/><counter type="METHOD" missed="0" covered="1"/></method><counter type="INSTRUCTION" missed="0" covered="22"/><counter type="LINE" missed="0" covered="7"/><counter type="COMPLEXITY" missed="0" covered="7"/><counter type="METHOD" missed="0" covered="7"/><counter type="CLASS" missed="0" covered="1"/></class><sourcefile name="Main.java"><line nr="10" mi="0" ci="3" mb="0" cb="0"/><line nr="13" mi="0" ci="4" mb="0" cb="0"/><line nr="14" mi="0" ci="4" mb="0" cb="0"/><line nr="16" mi="0" ci="1" mb="0" cb="0"/><counter type="INSTRUCTION" missed="0" covered="12"/><counter type="LINE" missed="0" covered="4"/><counter type="COMPLEXITY" missed="0" covered="2"/><counter type="METHOD" missed="0" covered="2"/><counter type="CLASS" missed="0" covered="1"/></sourcefile><sourcefile name="AdvancedOperations.java"><line nr="11" mi="0" ci="3" mb="0" cb="0"/><line nr="14" mi="0" ci="3" mb="0" cb="0"/><line nr="18" mi="0" ci="4" mb="0" cb="0"/><line nr="22" mi="0" ci="3" mb="0" cb="0"/><line nr="26" mi="0" ci="3" mb="0" cb="0"/><line nr="30" mi="0" ci="2" mb="0" cb="0"/><line nr="34" mi="0" ci="4" mb="0" cb="0"/><counter type="INSTRUCTION" missed="0" covered="22"/><counter type="LINE" missed="0" covered="7"/><counter type="COMPLEXITY" missed="0" covered="7"/><counter type="METHOD" missed="0" covered="7"/><counter type="CLASS" missed="0" covered="1"/></sourcefile><sourcefile name="BasicOperations.java"><line nr="11" mi="0" ci="3" mb="0" cb="0"/><line nr="14" mi="0" ci="4" mb="0" cb="0"/><line nr="18" mi="0" ci="4" mb="0" cb="0"/><line nr="22" mi="0" ci="4" mb="0" cb="0"/><line nr="26" mi="0" ci="4" mb="0" cb="0"/><counter type="INSTRUCTION" missed="0" covered="19"/><counter type="LINE" missed="0" covered="5"/><counter type="COMPLEXITY" missed="0" covered="5"/><counter type="METHOD" missed="0" covered="5"/><counter type="CLASS" missed="0" covered="1"/></sourcefile><sourcefile name="Gui.java"><line nr="22" mi="0" ci="5" mb="0" cb="0"/><line nr="25" mi="0" ci="6" mb="0" cb="0"/><line nr="26" mi="0" ci="3" mb="0" cb="0"/><line nr="27" mi="0" ci="3" mb="0" cb="0"/><line nr="28" mi="0" ci="3" mb="0" cb="0"/><line nr="29" mi="0" ci="3" mb="0" cb="0"/><line nr="37" mi="0" ci="6" mb="0" cb="0"/><line nr="38" mi="0" ci="6" mb="0" cb="0"/><line nr="39" mi="0" ci="6" mb="0" cb="0"/><line nr="40" mi="0" ci="6" mb="0" cb="0"/><line nr="41" mi="0" ci="6" mb="0" cb="0"/><line nr="42" mi="0" ci="6" mb="0" cb="0"/><line nr="43" mi="0" ci="6" mb="0" cb="0"/><line nr="44" mi="0" ci="6" mb="0" cb="0"/><line nr="45" mi="0" ci="6" mb="0" cb="0"/><line nr="46" mi="0" ci="6" mb="0" cb="0"/><line nr="47" mi="0" ci="6" mb="0" cb="0"/><line nr="48" mi="0" ci="6" mb="0" cb="0"/><line nr="49" mi="0" ci="6" mb="0" cb="0"/><line nr="50" mi="0" ci="6" mb="0" cb="0"/><line nr="51" mi="0" ci="6" mb="0" cb="0"/><line nr="52" mi="0" ci="6" mb="0" cb="0"/><line nr="53" mi="0" ci="6" mb="0" cb="0"/><line nr="54" mi="0" ci="6" mb="0" cb="0"/><line nr="55" mi="0" ci="6" mb="0" cb="0"/><line nr="56" mi="0" ci="6" mb="0" cb="0"/><line nr="57" mi="0" ci="6" mb="0" cb="0"/><line nr="58" mi="0" ci="6" mb="0" cb="0"/><line nr="61" mi="0" ci="5" mb="0" cb="0"/><line nr="62" mi="0" ci="5" mb="0" cb="0"/><line nr="63" mi="0" ci="5" mb="0" cb="0"/><line nr="66" mi="0" ci="6" mb="0" cb="0"/><line nr="67" mi="0" ci="6" mb="0" cb="0"/><line nr="68" mi="0" ci="6" mb="0" cb="0"/><line nr="69" mi="0" ci="6" mb="0" cb="0"/><line nr="74" mi="0" ci="2" mb="0" cb="0"/><line nr="75" mi="0" ci="2" mb="0" cb="0"/><line nr="76" mi="0" ci="2" mb="0" cb="0"/><line nr="77" mi="0" ci="2" mb="0" cb="0"/><line nr="78" mi="0" ci="1" mb="0" cb="0"/><line nr="84" mi="0" ci="5" mb="0" cb="0"/><line nr="86" mi="0" ci="4" mb="0" cb="0"/><line nr="87" mi="0" ci="7" mb="0" cb="0"/><line nr="88" mi="0" ci="4" mb="0" cb="0"/><line nr="89" mi="0" ci="5" mb="0" cb="0"/><line nr="91" mi="0" ci="1" mb="0" cb="0"/><line nr="98" mi="0" ci="7" mb="0" cb="0"/><line nr="99" mi="0" ci="7" mb="0" cb="0"/><line nr="101" mi="0" ci="7" mb="0" cb="0"/><line nr="102" mi="0" ci="7" mb="0" cb="0"/><line nr="104" mi="0" ci="7" mb="0" cb="0"/><line nr="105" mi="0" ci="7" mb="0" cb="0"/><line nr="107" mi="0" ci="7" mb="0" cb="0"/><line nr="108" mi="0" ci="7" mb="0" cb="0"/><line nr="110" mi="0" ci="7" mb="0" cb="0"/><line nr="111" mi="0" ci="7" mb="0" cb="0"/><line nr="113" mi="0" ci="7" mb="0" cb="0"/><line nr="114" mi="0" ci="7" mb="0" cb="0"/><line nr="116" mi="0" ci="7" mb="0" cb="0"/><line nr="117" mi="0" ci="7" mb="0" cb="0"/><line nr="119" mi="0" ci="7" mb="0" cb="0"/><line nr="120" mi="0" ci="7" mb="0" cb="0"/><line nr="122" mi="0" ci="7" mb="0" cb="0"/><line nr="123" mi="0" ci="7" mb="0" cb="0"/><line nr="125" mi="0" ci="7" mb="0" cb="0"/><line nr="126" mi="0" ci="7" mb="0" cb="0"/><line nr="128" mi="0" ci="7" mb="0" cb="0"/><line nr="129" mi="0" ci="7" mb="0" cb="0"/><line nr="131" mi="0" ci="7" mb="0" cb="0"/><line nr="132" mi="0" ci="7" mb="0" cb="0"/><line nr="134" mi="0" ci="7" mb="0" cb="0"/><line nr="135" mi="0" ci="7" mb="0" cb="0"/><line nr="137" mi="0" ci="7" mb="0" cb="0"/><line nr="138" mi="0" ci="7" mb="0" cb="0"/><line nr="140" mi="0" ci="7" mb="0" cb="0"/><line nr="141" mi="0" ci="7" mb="0" cb="0"/><line nr="143" mi="0" ci="7" mb="0" cb="0"/><line nr="144" mi="0" ci="7" mb="0" cb="0"/><line nr="146" mi="0" ci="7" mb="0" cb="0"/><line nr="147" mi="0" ci="7" mb="0" cb="0"/><line nr="149" mi="0" ci="7" mb="0" cb="0"/><line nr="150" mi="0" ci="7" mb="0" cb="0"/><line nr="152" mi="0" ci="7" mb="0" cb="0"/><line nr="153" mi="0" ci="7" mb="0" cb="0"/><line nr="155" mi="0" ci="7" mb="0" cb="0"/><line nr="156" mi="0" ci="7" mb="0" cb="0"/><line nr="157" mi="0" ci="4" mb="0" cb="0"/><line nr="159" mi="0" ci="7" mb="0" cb="0"/><line nr="160" mi="0" ci="7" mb="0" cb="0"/><line nr="161" mi="0" ci="4" mb="0" cb="0"/><line nr="162" mi="0" ci="4" mb="0" cb="0"/><line nr="164" mi="0" ci="7" mb="0" cb="0"/><line nr="165" mi="0" ci="7" mb="0" cb="0"/><line nr="166" mi="0" ci="4" mb="0" cb="0"/><line nr="167" mi="0" ci="4" mb="0" cb="0"/><line nr="168" mi="0" ci="4" mb="0" cb="0"/><line nr="170" mi="0" ci="4" mb="0" cb="0"/><line nr="171" mi="0" ci="7" mb="0" cb="0"/><line nr="172" mi="0" ci="7" mb="0" cb="0"/><line nr="173" mi="0" ci="4" mb="0" cb="0"/><line nr="174" mi="0" ci="4" mb="0" cb="0"/><line nr="176" mi="0" ci="4" mb="0" cb="0"/><line nr="177" mi="0" ci="7" mb="0" cb="0"/><line nr="178" mi="0" ci="7" mb="0" cb="0"/><line nr="179" mi="0" ci="9" mb="0" cb="0"/><line nr="181" mi="0" ci="7" mb="0" cb="0"/><line nr="182" mi="0" ci="7" mb="0" cb="0"/><line nr="183" mi="0" ci="9" mb="0" cb="0"/><line nr="185" mi="0" ci="7" mb="0" cb="0"/><line nr="186" mi="0" ci="7" mb="0" cb="0"/><line nr="188" mi="0" ci="7" mb="0" cb="0"/><line nr="189" mi="0" ci="7" mb="0" cb="0"/><line nr="190" mi="0" ci="7" mb="0" cb="0"/><line nr="192" mi="0" ci="7" mb="0" cb="0"/><line nr="193" mi="0" ci="7" mb="0" cb="0"/><line nr="195" mi="0" ci="7" mb="0" cb="0"/><line nr="196" mi="0" ci="1" mb="0" cb="0"/><line nr="202" mi="0" ci="4" mb="0" cb="0"/><line nr="203" mi="0" ci="4" mb="0" cb="0"/><line nr="204" mi="0" ci="4" mb="0" cb="0"/><line nr="205" mi="0" ci="4" mb="0" cb="0"/><line nr="206" mi="0" ci="4" mb="0" cb="0"/><line nr="207" mi="0" ci="4" mb="0" cb="0"/><line nr="208" mi="0" ci="4" mb="0" cb="0"/><line nr="209" mi="0" ci="4" mb="0" cb="0"/><line nr="210" mi="0" ci="4" mb="0" cb="0"/><line nr="211" mi="0" ci="4" mb="0" cb="0"/><line nr="212" mi="0" ci="4" mb="0" cb="0"/><line nr="213" mi="0" ci="4" mb="0" cb="0"/><line nr="214" mi="0" ci="4" mb="0" cb="0"/><line nr="215" mi="0" ci="4" mb="0" cb="0"/><line nr="216" mi="0" ci="4" mb="0" cb="0"/><line nr="217" mi="0" ci="4" mb="0" cb="0"/><line nr="218" mi="0" ci="4" mb="0" cb="0"/><line nr="219" mi="0" ci="4" mb="0" cb="0"/><line nr="220" mi="0" ci="4" mb="0" cb="0"/><line nr="221" mi="0" ci="4" mb="0" cb="0"/><line nr="222" mi="0" ci="4" mb="0" cb="0"/><line nr="223" mi="0" ci="4" mb="0" cb="0"/><line nr="225" mi="0" ci="1" mb="0" cb="0"/><line nr="233" mi="5" ci="0" mb="2" cb="0"/><line nr="234" mi="3" ci="0" mb="2" cb="0"/><line nr="235" mi="3" ci="0" mb="2" cb="0"/><line nr="236" mi="4" ci="0" mb="0" cb="0"/><line nr="238" mi="12" ci="0" mb="0" cb="0"/><line nr="241" mi="3" ci="0" mb="2" cb="0"/><line nr="242" mi="4" ci="0" mb="0" cb="0"/><line nr="244" mi="11" ci="0" mb="0" cb="0"/><line nr="247" mi="3" ci="0" mb="2" cb="0"/><line nr="248" mi="3" ci="0" mb="2" cb="0"/><line nr="249" mi="6" ci="0" mb="0" cb="0"/><line nr="251" mi="5" ci="0" mb="0" cb="0"/><line nr="256" mi="5" ci="0" mb="2" cb="0"/><line nr="257" mi="3" ci="0" mb="2" cb="0"/><line nr="258" mi="3" ci="0" mb="2" cb="0"/><line nr="259" mi="4" ci="0" mb="0" cb="0"/><line nr="261" mi="12" ci="0" mb="0" cb="0"/><line nr="264" mi="3" ci="0" mb="2" cb="0"/><line nr="265" mi="4" ci="0" mb="0" cb="0"/><line nr="267" mi="11" ci="0" mb="0" cb="0"/><line nr="270" mi="3" ci="0" mb="2" cb="0"/><line nr="271" mi="3" ci="0" mb="2" cb="0"/><line nr="272" mi="6" ci="0" mb="0" cb="0"/><line nr="274" mi="5" ci="0" mb="0" cb="0"/><line nr="279" mi="5" ci="0" mb="2" cb="0"/><line nr="280" mi="3" ci="0" mb="2" cb="0"/><line nr="281" mi="3" ci="0" mb="2" cb="0"/><line nr="282" mi="4" ci="0" mb="0" cb="0"/><line nr="284" mi="12" ci="0" mb="0" cb="0"/><line nr="287" mi="3" ci="0" mb="2" cb="0"/><line nr="288" mi="4" ci="0" mb="0" cb="0"/><line nr="290" mi="11" ci="0" mb="0" cb="0"/><line nr="293" mi="3" ci="0" mb="2" cb="0"/><line nr="294" mi="3" ci="0" mb="2" cb="0"/><line nr="295" mi="6" ci="0" mb="0" cb="0"/><line nr="297" mi="5" ci="0" mb="0" cb="0"/><line nr="302" mi="5" ci="0" mb="2" cb="0"/><line nr="303" mi="3" ci="0" mb="2" cb="0"/><line nr="304" mi="3" ci="0" mb="2" cb="0"/><line nr="305" mi="4" ci="0" mb="0" cb="0"/><line nr="307" mi="12" ci="0" mb="0" cb="0"/><line nr="310" mi="3" ci="0" mb="2" cb="0"/><line nr="311" mi="4" ci="0" mb="0" cb="0"/><line nr="313" mi="11" ci="0" mb="0" cb="0"/><line nr="316" mi="3" ci="0" mb="2" cb="0"/><line nr="317" mi="3" ci="0" mb="2" cb="0"/><line nr="318" mi="6" ci="0" mb="0" cb="0"/><line nr="320" mi="5" ci="0" mb="0" cb="0"/><line nr="325" mi="5" ci="0" mb="2" cb="0"/><line nr="326" mi="3" ci="0" mb="2" cb="0"/><line nr="327" mi="3" ci="0" mb="2" cb="0"/><line nr="328" mi="4" ci="0" mb="0" cb="0"/><line nr="330" mi="12" ci="0" mb="0" cb="0"/><line nr="333" mi="3" ci="0" mb="2" cb="0"/><line nr="334" mi="4" ci="0" mb="0" cb="0"/><line nr="336" mi="11" ci="0" mb="0" cb="0"/><line nr="339" mi="3" ci="0" mb="2" cb="0"/><line nr="340" mi="3" ci="0" mb="2" cb="0"/><line nr="341" mi="6" ci="0" mb="0" cb="0"/><line nr="343" mi="5" ci="0" mb="0" cb="0"/><line nr="348" mi="5" ci="0" mb="2" cb="0"/><line nr="349" mi="3" ci="0" mb="2" cb="0"/><line nr="350" mi="3" ci="0" mb="2" cb="0"/><line nr="351" mi="4" ci="0" mb="0" cb="0"/><line nr="353" mi="12" ci="0" mb="0" cb="0"/><line nr="356" mi="3" ci="0" mb="2" cb="0"/><line nr="357" mi="4" ci="0" mb="0" cb="0"/><line nr="359" mi="11" ci="0" mb="0" cb="0"/><line nr="362" mi="3" ci="0" mb="2" cb="0"/><line nr="363" mi="3" ci="0" mb="2" cb="0"/><line nr="364" mi="6" ci="0" mb="0" cb="0"/><line nr="366" mi="5" ci="0" mb="0" cb="0"/><line nr="371" mi="5" ci="0" mb="2" cb="0"/><line nr="372" mi="3" ci="0" mb="2" cb="0"/><line nr="373" mi="3" ci="0" mb="2" cb="0"/><line nr="374" mi="4" ci="0" mb="0" cb="0"/><line nr="376" mi="12" ci="0" mb="0" cb="0"/><line nr="379" mi="3" ci="0" mb="2" cb="0"/><line nr="380" mi="4" ci="0" mb="0" cb="0"/><line nr="382" mi="11" ci="0" mb="0" cb="0"/><line nr="385" mi="3" ci="0" mb="2" cb="0"/><line nr="386" mi="3" ci="0" mb="2" cb="0"/><line nr="387" mi="6" ci="0" mb="0" cb="0"/><line nr="389" mi="5" ci="0" mb="0" cb="0"/><line nr="394" mi="5" ci="0" mb="2" cb="0"/><line nr="395" mi="3" ci="0" mb="2" cb="0"/><line nr="396" mi="3" ci="0" mb="2" cb="0"/><line nr="397" mi="4" ci="0" mb="0" cb="0"/><line nr="399" mi="12" ci="0" mb="0" cb="0"/><line nr="402" mi="3" ci="0" mb="2" cb="0"/><line nr="403" mi="4" ci="0" mb="0" cb="0"/><line nr="405" mi="11" ci="0" mb="0" cb="0"/><line nr="408" mi="3" ci="0" mb="2" cb="0"/><line nr="409" mi="3" ci="0" mb="2" cb="0"/><line nr="410" mi="6" ci="0" mb="0" cb="0"/><line nr="412" mi="5" ci="0" mb="0" cb="0"/><line nr="417" mi="5" ci="0" mb="2" cb="0"/><line nr="418" mi="3" ci="0" mb="2" cb="0"/><line nr="419" mi="3" ci="0" mb="2" cb="0"/><line nr="420" mi="4" ci="0" mb="0" cb="0"/><line nr="422" mi="12" ci="0" mb="0" cb="0"/><line nr="425" mi="3" ci="0" mb="2" cb="0"/><line nr="426" mi="4" ci="0" mb="0" cb="0"/><line nr="428" mi="11" ci="0" mb="0" cb="0"/><line nr="431" mi="3" ci="0" mb="2" cb="0"/><line nr="432" mi="3" ci="0" mb="2" cb="0"/><line nr="433" mi="6" ci="0" mb="0" cb="0"/><line nr="435" mi="5" ci="0" mb="0" cb="0"/><line nr="440" mi="5" ci="0" mb="2" cb="0"/><line nr="441" mi="3" ci="0" mb="2" cb="0"/><line nr="442" mi="3" ci="0" mb="2" cb="0"/><line nr="443" mi="4" ci="0" mb="0" cb="0"/><line nr="445" mi="12" ci="0" mb="0" cb="0"/><line nr="448" mi="3" ci="0" mb="2" cb="0"/><line nr="449" mi="4" ci="0" mb="0" cb="0"/><line nr="451" mi="11" ci="0" mb="0" cb="0"/><line nr="455" mi="3" ci="0" mb="2" cb="0"/><line nr="456" mi="3" ci="0" mb="2" cb="0"/><line nr="457" mi="6" ci="0" mb="0" cb="0"/><line nr="459" mi="5" ci="0" mb="0" cb="0"/><line nr="465" mi="5" ci="0" mb="2" cb="0"/><line nr="466" mi="3" ci="0" mb="2" cb="0"/><line nr="467" mi="7" ci="0" mb="0" cb="0"/><line nr="468" mi="3" ci="0" mb="2" cb="0"/><line nr="469" mi="3" ci="0" mb="0" cb="0"/><line nr="470" mi="3" ci="0" mb="0" cb="0"/><line nr="471" mi="4" ci="0" mb="0" cb="0"/><line nr="472" mi="3" ci="0" mb="0" cb="0"/><line nr="473" mi="3" ci="0" mb="0" cb="0"/><line nr="475" mi="2" ci="0" mb="0" cb="0"/><line nr="476" mi="4" ci="0" mb="0" cb="0"/><line nr="477" mi="6" ci="0" mb="0" cb="0"/><line nr="478" mi="5" ci="0" mb="0" cb="0"/><line nr="479" mi="5" ci="0" mb="0" cb="0"/><line nr="484" mi="5" ci="0" mb="2" cb="0"/><line nr="485" mi="3" ci="0" mb="2" cb="0"/><line nr="486" mi="7" ci="0" mb="0" cb="0"/><line nr="487" mi="6" ci="0" mb="4" cb="0"/><line nr="488" mi="3" ci="0" mb="0" cb="0"/><line nr="489" mi="4" ci="0" mb="0" cb="0"/><line nr="490" mi="4" ci="0" mb="0" cb="0"/><line nr="491" mi="6" ci="0" mb="4" cb="0"/><line nr="492" mi="6" ci="0" mb="0" cb="0"/><line nr="496" mi="5" ci="0" mb="2" cb="0"/><line nr="497" mi="3" ci="0" mb="2" cb="0"/><line nr="498" mi="7" ci="0" mb="0" cb="0"/><line nr="499" mi="3" ci="0" mb="2" cb="0"/><line nr="500" mi="3" ci="0" mb="0" cb="0"/><line nr="501" mi="3" ci="0" mb="0" cb="0"/><line nr="502" mi="4" ci="0" mb="0" cb="0"/><line nr="503" mi="3" ci="0" mb="0" cb="0"/><line nr="504" mi="3" ci="0" mb="0" cb="0"/><line nr="507" mi="2" ci="0" mb="0" cb="0"/><line nr="508" mi="4" ci="0" mb="0" cb="0"/><line nr="509" mi="6" ci="0" mb="0" cb="0"/><line nr="510" mi="5" ci="0" mb="0" cb="0"/><line nr="511" mi="5" ci="0" mb="0" cb="0"/><line nr="516" mi="5" ci="0" mb="2" cb="0"/><line nr="517" mi="3" ci="0" mb="2" cb="0"/><line nr="518" mi="7" ci="0" mb="0" cb="0"/><line nr="519" mi="3" ci="0" mb="2" cb="0"/><line nr="520" mi="3" ci="0" mb="0" cb="0"/><line nr="521" mi="3" ci="0" mb="0" cb="0"/><line nr="522" mi="4" ci="0" mb="0" cb="0"/><line nr="523" mi="3" ci="0" mb="0" cb="0"/><line nr="524" mi="3" ci="0" mb="0" cb="0"/><line nr="526" mi="2" ci="0" mb="0" cb="0"/><line nr="527" mi="4" ci="0" mb="0" cb="0"/><line nr="528" mi="6" ci="0" mb="0" cb="0"/><line nr="529" mi="5" ci="0" mb="0" cb="0"/><line nr="530" mi="5" ci="0" mb="0" cb="0"/><line nr="535" mi="5" ci="0" mb="2" cb="0"/><line nr="536" mi="3" ci="0" mb="2" cb="0"/><line nr="537" mi="7" ci="0" mb="0" cb="0"/><line nr="538" mi="6" ci="0" mb="4" cb="0"/><line nr="539" mi="3" ci="0" mb="0" cb="0"/><line nr="540" mi="4" ci="0" mb="0" cb="0"/><line nr="541" mi="4" ci="0" mb="0" cb="0"/><line nr="542" mi="6" ci="0" mb="4" cb="0"/><line nr="543" mi="6" ci="0" mb="0" cb="0"/><line nr="548" mi="5" ci="0" mb="2" cb="0"/><line nr="549" mi="3" ci="0" mb="2" cb="0"/><line nr="550" mi="7" ci="0" mb="0" cb="0"/><line nr="551" mi="6" ci="0" mb="4" cb="0"/><line nr="552" mi="3" ci="0" mb="0" cb="0"/><line nr="553" mi="4" ci="0" mb="0" cb="0"/><line nr="554" mi="4" ci="0" mb="0" cb="0"/><line nr="555" mi="6" ci="0" mb="4" cb="0"/><line nr="556" mi="6" ci="0" mb="0" cb="0"/><line nr="560" mi="5" ci="0" mb="2" cb="0"/><line nr="561" mi="3" ci="0" mb="2" cb="0"/><line nr="562" mi="7" ci="0" mb="0" cb="0"/><line nr="563" mi="6" ci="0" mb="4" cb="0"/><line nr="564" mi="3" ci="0" mb="0" cb="0"/><line nr="565" mi="4" ci="0" mb="0" cb="0"/><line nr="566" mi="4" ci="0" mb="0" cb="0"/><line nr="567" mi="6" ci="0" mb="4" cb="0"/><line nr="568" mi="6" ci="0" mb="0" cb="0"/><line nr="572" mi="5" ci="0" mb="2" cb="0"/><line nr="573" mi="3" ci="0" mb="2" cb="0"/><line nr="574" mi="7" ci="0" mb="0" cb="0"/><line nr="575" mi="6" ci="0" mb="4" cb="0"/><line nr="576" mi="3" ci="0" mb="0" cb="0"/><line nr="577" mi="4" ci="0" mb="0" cb="0"/><line nr="578" mi="4" ci="0" mb="0" cb="0"/><line nr="579" mi="6" ci="0" mb="4" cb="0"/><line nr="580" mi="6" ci="0" mb="0" cb="0"/><line nr="585" mi="5" ci="0" mb="2" cb="0"/><line nr="586" mi="3" ci="0" mb="2" cb="0"/><line nr="587" mi="4" ci="0" mb="0" cb="0"/><line nr="588" mi="4" ci="0" mb="0" cb="0"/><line nr="589" mi="5" ci="0" mb="0" cb="0"/><line nr="590" mi="11" ci="0" mb="6" cb="0"/><line nr="591" mi="4" ci="0" mb="0" cb="0"/><line nr="592" mi="4" ci="0" mb="0" cb="0"/><line nr="593" mi="5" ci="0" mb="0" cb="0"/><line nr="594" mi="10" ci="0" mb="6" cb="0"/><line nr="595" mi="7" ci="0" mb="0" cb="0"/><line nr="596" mi="6" ci="0" mb="4" cb="0"/><line nr="597" mi="6" ci="0" mb="0" cb="0"/><line nr="601" mi="5" ci="0" mb="2" cb="0"/><line nr="602" mi="3" ci="0" mb="2" cb="0"/><line nr="603" mi="7" ci="0" mb="0" cb="0"/><line nr="604" mi="6" ci="0" mb="4" cb="0"/><line nr="605" mi="3" ci="0" mb="0" cb="0"/><line nr="606" mi="4" ci="0" mb="0" cb="0"/><line nr="607" mi="4" ci="0" mb="0" cb="0"/><line nr="608" mi="6" ci="0" mb="4" cb="0"/><line nr="609" mi="6" ci="0" mb="0" cb="0"/><line nr="614" mi="5" ci="0" mb="2" cb="0"/><line nr="615" mi="3" ci="0" mb="2" cb="0"/><line nr="616" mi="7" ci="0" mb="0" cb="0"/><line nr="617" mi="6" ci="0" mb="4" cb="0"/><line nr="618" mi="7" ci="0" mb="0" cb="0"/><line nr="620" mi="6" ci="0" mb="4" cb="0"/><line nr="621" mi="7" ci="0" mb="0" cb="0"/><line nr="623" mi="6" ci="0" mb="4" cb="0"/><line nr="624" mi="2" ci="0" mb="0" cb="0"/><line nr="625" mi="2" ci="0" mb="0" cb="0"/><line nr="627" mi="4" ci="0" mb="0" cb="0"/><line nr="628" mi="4" ci="0" mb="0" cb="0"/><line nr="630" mi="3" ci="0" mb="7" cb="0"/><line nr="632" mi="7" ci="0" mb="0" cb="0"/><line nr="633" mi="1" ci="0" mb="0" cb="0"/><line nr="635" mi="7" ci="0" mb="0" cb="0"/><line nr="636" mi="1" ci="0" mb="0" cb="0"/><line nr="638" mi="7" ci="0" mb="0" cb="0"/><line nr="639" mi="1" ci="0" mb="0" cb="0"/><line nr="641" mi="7" ci="0" mb="0" cb="0"/><line nr="642" mi="1" ci="0" mb="0" cb="0"/><line nr="644" mi="7" ci="0" mb="0" cb="0"/><line nr="645" mi="1" ci="0" mb="0" cb="0"/><line nr="647" mi="7" ci="0" mb="0" cb="0"/><line nr="648" mi="1" ci="0" mb="0" cb="0"/><line nr="654" mi="5" ci="0" mb="0" cb="0"/><line nr="655" mi="5" ci="0" mb="0" cb="0"/><line nr="660" mi="5" ci="0" mb="2" cb="0"/><line nr="661" mi="4" ci="0" mb="0" cb="0"/><line nr="662" mi="4" ci="0" mb="0" cb="0"/><line nr="663" mi="4" ci="0" mb="0" cb="0"/><line nr="664" mi="4" ci="0" mb="0" cb="0"/><line nr="665" mi="3" ci="0" mb="0" cb="0"/><line nr="666" mi="3" ci="0" mb="0" cb="0"/><line nr="667" mi="3" ci="0" mb="0" cb="0"/><line nr="668" mi="3" ci="0" mb="0" cb="0"/><line nr="669" mi="3" ci="0" mb="0" cb="0"/><line nr="670" mi="3" ci="0" mb="0" cb="0"/><line nr="674" mi="1" ci="0" mb="0" cb="0"/><line nr="681" mi="3" ci="0" mb="0" cb="0"/><line nr="688" mi="3" ci="0" mb="0" cb="0"/><line nr="689" mi="1" ci="0" mb="0" cb="0"/><line nr="695" mi="3" ci="0" mb="0" cb="0"/><line nr="702" mi="3" ci="0" mb="0" cb="0"/><line nr="703" mi="1" ci="0" mb="0" cb="0"/><line nr="709" mi="3" ci="0" mb="0" cb="0"/><line nr="716" mi="3" ci="0" mb="0" cb="0"/><line nr="717" mi="1" ci="0" mb="0" cb="0"/><line nr="723" mi="3" ci="0" mb="0" cb="0"/><line nr="730" mi="3" ci="0" mb="0" cb="0"/><line nr="731" mi="1" ci="0" mb="0" cb="0"/><line nr="737" mi="3" ci="0" mb="0" cb="0"/><line nr="744" mi="3" ci="0" mb="0" cb="0"/><line nr="745" mi="1" ci="0" mb="0" cb="0"/><line nr="751" mi="3" ci="0" mb="0" cb="0"/><line nr="758" mi="3" ci="0" mb="0" cb="0"/><line nr="759" mi="1" ci="0" mb="0" cb="0"/><line nr="765" mi="3" ci="0" mb="0" cb="0"/><line nr="772" mi="3" ci="0" mb="0" cb="0"/><line nr="773" mi="1" ci="0" mb="0" cb="0"/><line nr="779" mi="3" ci="0" mb="0" cb="0"/><line nr="786" mi="3" ci="0" mb="0" cb="0"/><line nr="787" mi="1" ci="0" mb="0" cb="0"/><line nr="793" mi="3" ci="0" mb="0" cb="0"/><line nr="800" mi="3" ci="0" mb="0" cb="0"/><line nr="801" mi="1" ci="0" mb="0" cb="0"/><line nr="807" mi="3" ci="0" mb="0" cb="0"/><line nr="814" mi="3" ci="0" mb="0" cb="0"/><line nr="815" mi="1" ci="0" mb="0" cb="0"/><line nr="821" mi="3" ci="0" mb="0" cb="0"/><line nr="828" mi="3" ci="0" mb="0" cb="0"/><line nr="829" mi="1" ci="0" mb="0" cb="0"/><line nr="835" mi="3" ci="0" mb="0" cb="0"/><line nr="842" mi="3" ci="0" mb="0" cb="0"/><line nr="843" mi="1" ci="0" mb="0" cb="0"/><line nr="849" mi="3" ci="0" mb="0" cb="0"/><line nr="856" mi="3" ci="0" mb="0" cb="0"/><line nr="857" mi="1" ci="0" mb="0" cb="0"/><line nr="863" mi="3" ci="0" mb="0" cb="0"/><line nr="870" mi="3" ci="0" mb="0" cb="0"/><line nr="871" mi="1" ci="0" mb="0" cb="0"/><line nr="877" mi="3" ci="0" mb="0" cb="0"/><line nr="884" mi="3" ci="0" mb="0" cb="0"/><line nr="885" mi="1" ci="0" mb="0" cb="0"/><line nr="891" mi="3" ci="0" mb="0" cb="0"/><line nr="898" mi="3" ci="0" mb="0" cb="0"/><line nr="899" mi="1" ci="0" mb="0" cb="0"/><line nr="905" mi="3" ci="0" mb="0" cb="0"/><line nr="912" mi="3" ci="0" mb="0" cb="0"/><line nr="913" mi="1" ci="0" mb="0" cb="0"/><line nr="919" mi="3" ci="0" mb="0" cb="0"/><line nr="926" mi="3" ci="0" mb="0" cb="0"/><line nr="927" mi="1" ci="0" mb="0" cb="0"/><line nr="933" mi="3" ci="0" mb="0" cb="0"/><line nr="940" mi="3" ci="0" mb="0" cb="0"/><line nr="941" mi="1" ci="0" mb="0" cb="0"/><line nr="947" mi="3" ci="0" mb="0" cb="0"/><line nr="954" mi="3" ci="0" mb="0" cb="0"/><line nr="955" mi="1" ci="0" mb="0" cb="0"/><line nr="961" mi="3" ci="0" mb="0" cb="0"/><line nr="968" mi="3" ci="0" mb="0" cb="0"/><line nr="969" mi="1" ci="0" mb="0" cb="0"/><line nr="975" mi="3" ci="0" mb="0" cb="0"/><line nr="982" mi="3" ci="0" mb="0" cb="0"/><line nr="983" mi="1" ci="0" mb="0" cb="0"/><line nr="989" mi="3" ci="0" mb="0" cb="0"/><line nr="996" mi="3" ci="0" mb="0" cb="0"/><line nr="997" mi="1" ci="0" mb="0" cb="0"/><line nr="1003" mi="3" ci="0" mb="0" cb="0"/><line nr="1010" mi="3" ci="0" mb="0" cb="0"/><line nr="1011" mi="1" ci="0" mb="0" cb="0"/><line nr="1017" mi="3" ci="0" mb="0" cb="0"/><line nr="1024" mi="3" ci="0" mb="0" cb="0"/><line nr="1025" mi="1" ci="0" mb="0" cb="0"/><line nr="1031" mi="3" ci="0" mb="0" cb="0"/><line nr="1038" mi="3" ci="0" mb="0" cb="0"/><line nr="1039" mi="1" ci="0" mb="0" cb="0"/><line nr="1045" mi="3" ci="0" mb="0" cb="0"/><line nr="1052" mi="3" ci="0" mb="0" cb="0"/><line nr="1053" mi="1" ci="0" mb="0" cb="0"/><line nr="1059" mi="3" ci="0" mb="0" cb="0"/><line nr="1066" mi="3" ci="0" mb="0" cb="0"/><line nr="1067" mi="1" ci="0" mb="0" cb="0"/><line nr="1073" mi="3" ci="0" mb="0" cb="0"/><line nr="1080" mi="3" ci="0" mb="0" cb="0"/><line nr="1081" mi="1" ci="0" mb="0" cb="0"/><line nr="1087" mi="3" ci="0" mb="0" cb="0"/><line nr="1094" mi="3" ci="0" mb="0" cb="0"/><line nr="1095" mi="1" ci="0" mb="0" cb="0"/><line nr="1101" mi="3" ci="0" mb="0" cb="0"/><line nr="1108" mi="3" ci="0" mb="0" cb="0"/><line nr="1109" mi="1" ci="0" mb="0" cb="0"/><line nr="1115" mi="3" ci="0" mb="0" cb="0"/><line nr="1122" mi="3" ci="0" mb="0" cb="0"/><line nr="1123" mi="1" ci="0" mb="0" cb="0"/><line nr="1129" mi="3" ci="0" mb="0" cb="0"/><line nr="1136" mi="3" ci="0" mb="0" cb="0"/><line nr="1137" mi="1" ci="0" mb="0" cb="0"/><line nr="1143" mi="3" ci="0" mb="0" cb="0"/><line nr="1150" mi="3" ci="0" mb="0" cb="0"/><line nr="1151" mi="1" ci="0" mb="0" cb="0"/><counter type="INSTRUCTION" missed="1524" covered="783"/><counter type="BRANCH" missed="255" covered="0"/><counter type="LINE" missed="370" covered="140"/><counter type="COMPLEXITY" missed="199" covered="4"/><counter type="METHOD" missed="69" covered="4"/><counter type="CLASS" missed="0" covered="1"/></sourcefile><counter type="INSTRUCTION" missed="1524" covered="836"/><counter type="BRANCH" missed="255" covered="0"/><counter type="LINE" missed="370" covered="156"/><counter type="COMPLEXITY" missed="199" covered="18"/><counter type="METHOD" missed="69" covered="18"/><counter type="CLASS" missed="0" covered="4"/></package><counter type="INSTRUCTION" missed="1524" covered="836"/><counter type="BRANCH" missed="255" covered="0"/><counter type="LINE" missed="370" covered="156"/><counter type="COMPLEXITY" missed="199" covered="18"/><counter type="METHOD" missed="69" covered="18"/><counter type="CLASS" missed="0" covered="4"/></report>