<?xml version="1.0" encoding="UTF-8"?>
<!-- Generated by org.testng.reporters.JUnitXMLReporter -->
<testsuite hostname="DESKTOP-SJO0L42" name="Surefire test" tests="31" failures="0" timestamp="7 Nov 2016 11:37:42 GMT" time="1.061" errors="0">
  <testcase name="testMultiplication1 on testMultiplication1(junit_tests.BasicOperationsTest)" time="0.061" classname="junit_tests.BasicOperationsTest"/>
  <testcase name="testMultiplication2 on testMultiplication2(junit_tests.BasicOperationsTest)" time="0.059" classname="junit_tests.BasicOperationsTest"/>
  <testcase name="testMultiplication3 on testMultiplication3(junit_tests.BasicOperationsTest)" time="0.019" classname="junit_tests.BasicOperationsTest"/>
  <testcase name="testDivision1 on testDivision1(junit_tests.BasicOperationsTest)" time="0.023" classname="junit_tests.BasicOperationsTest"/>
  <testcase name="testDivision2 on testDivision2(junit_tests.BasicOperationsTest)" time="0.032" classname="junit_tests.BasicOperationsTest"/>
  <testcase name="testDivision3 on testDivision3(junit_tests.BasicOperationsTest)" time="0.083" classname="junit_tests.BasicOperationsTest"/>
  <testcase name="testAddition1 on testAddition1(junit_tests.BasicOperationsTest)" time="0.027" classname="junit_tests.BasicOperationsTest"/>
  <testcase name="testAddition2 on testAddition2(junit_tests.BasicOperationsTest)" time="0.07" classname="junit_tests.BasicOperationsTest"/>
  <testcase name="testAddition3 on testAddition3(junit_tests.BasicOperationsTest)" time="0.012" classname="junit_tests.BasicOperationsTest"/>
  <testcase name="testSubtraction1 on testSubtraction1(junit_tests.BasicOperationsTest)" time="0.023" classname="junit_tests.BasicOperationsTest"/>
  <testcase name="testSubtraction2 on testSubtraction2(junit_tests.BasicOperationsTest)" time="0.013" classname="junit_tests.BasicOperationsTest"/>
  <testcase name="testSubtraction3 on testSubtraction3(junit_tests.BasicOperationsTest)" time="0.008" classname="junit_tests.BasicOperationsTest"/>
  <testcase name="testPow1 on testPow1(junit_tests.AdvancedOperationsTest)" time="0.007" classname="junit_tests.AdvancedOperationsTest"/>
  <testcase name="testPow2 on testPow2(junit_tests.AdvancedOperationsTest)" time="0.01" classname="junit_tests.AdvancedOperationsTest"/>
  <testcase name="testPow3 on testPow3(junit_tests.AdvancedOperationsTest)" time="0.006" classname="junit_tests.AdvancedOperationsTest"/>
  <testcase name="testToRadians1 on testToRadians1(junit_tests.AdvancedOperationsTest)" time="0.008" classname="junit_tests.AdvancedOperationsTest"/>
  <testcase name="testToRadians2 on testToRadians2(junit_tests.AdvancedOperationsTest)" time="0.007" classname="junit_tests.AdvancedOperationsTest"/>
  <testcase name="testToRadians3 on testToRadians3(junit_tests.AdvancedOperationsTest)" time="0.006" classname="junit_tests.AdvancedOperationsTest"/>
  <testcase name="testSquareRoot1 on testSquareRoot1(junit_tests.AdvancedOperationsTest)" time="0.006" classname="junit_tests.AdvancedOperationsTest"/>
  <testcase name="testSquareRoot2 on testSquareRoot2(junit_tests.AdvancedOperationsTest)" time="0.006" classname="junit_tests.AdvancedOperationsTest"/>
  <testcase name="testSquareRoot3 on testSquareRoot3(junit_tests.AdvancedOperationsTest)" time="0.007" classname="junit_tests.AdvancedOperationsTest"/>
  <testcase name="testToDegrees1 on testToDegrees1(junit_tests.AdvancedOperationsTest)" time="0.012" classname="junit_tests.AdvancedOperationsTest"/>
  <testcase name="testToDegrees2 on testToDegrees2(junit_tests.AdvancedOperationsTest)" time="0.013" classname="junit_tests.AdvancedOperationsTest"/>
  <testcase name="testToDegrees3 on testToDegrees3(junit_tests.AdvancedOperationsTest)" time="0.007" classname="junit_tests.AdvancedOperationsTest"/>
  <testcase name="testRandom1 on testRandom1(junit_tests.AdvancedOperationsTest)" time="0.016" classname="junit_tests.AdvancedOperationsTest"/>
  <testcase name="testRandom2 on testRandom2(junit_tests.AdvancedOperationsTest)" time="0.006" classname="junit_tests.AdvancedOperationsTest"/>
  <testcase name="testRandom3 on testRandom3(junit_tests.AdvancedOperationsTest)" time="0.007" classname="junit_tests.AdvancedOperationsTest"/>
  <testcase name="testModula1 on testModula1(junit_tests.AdvancedOperationsTest)" time="0.006" classname="junit_tests.AdvancedOperationsTest"/>
  <testcase name="testModula2 on testModula2(junit_tests.AdvancedOperationsTest)" time="0.005" classname="junit_tests.AdvancedOperationsTest"/>
  <testcase name="testModula3 on testModula3(junit_tests.AdvancedOperationsTest)" time="0.013" classname="junit_tests.AdvancedOperationsTest"/>
  <testcase name="testMain on testMain(junit_tests.MainTest)" time="0.349" classname="junit_tests.MainTest"/>
</testsuite> <!-- Surefire test -->
