<?xml version="1.0" encoding="UTF-8"?>
<testsuite name="TestSuite" time="0.932" tests="31" errors="0" skipped="0" failures="0">
  <properties>
[...]
</properties>
  <testcase name="testMultiplication1 on testMultiplication1(junit_tests.BasicOperationsTest)" classname="junit_tests.BasicOperationsTest" time="0.064"/>
  <testcase name="testMultiplication2 on testMultiplication2(junit_tests.BasicOperationsTest)" classname="junit_tests.BasicOperationsTest" time="0.069"/>
  <testcase name="testMultiplication3 on testMultiplication3(junit_tests.BasicOperationsTest)" classname="junit_tests.BasicOperationsTest" time="0.03"/>
  <testcase name="testDivision1 on testDivision1(junit_tests.BasicOperationsTest)" classname="junit_tests.BasicOperationsTest" time="0.027"/>
  <testcase name="testDivision2 on testDivision2(junit_tests.BasicOperationsTest)" classname="junit_tests.BasicOperationsTest" time="0.059"/>
  <testcase name="testDivision3 on testDivision3(junit_tests.BasicOperationsTest)" classname="junit_tests.BasicOperationsTest" time="0.062"/>
  <testcase name="testAddition1 on testAddition1(junit_tests.BasicOperationsTest)" classname="junit_tests.BasicOperationsTest" time="0.05"/>
  <testcase name="testAddition2 on testAddition2(junit_tests.BasicOperationsTest)" classname="junit_tests.BasicOperationsTest" time="0.005"/>
  <testcase name="testAddition3 on testAddition3(junit_tests.BasicOperationsTest)" classname="junit_tests.BasicOperationsTest" time="0.004"/>
  <testcase name="testSubtraction1 on testSubtraction1(junit_tests.BasicOperationsTest)" classname="junit_tests.BasicOperationsTest" time="0.017"/>
  <testcase name="testSubtraction2 on testSubtraction2(junit_tests.BasicOperationsTest)" classname="junit_tests.BasicOperationsTest" time="0.009"/>
  <testcase name="testSubtraction3 on testSubtraction3(junit_tests.BasicOperationsTest)" classname="junit_tests.BasicOperationsTest" time="0.008"/>
  <testcase name="testPow1 on testPow1(junit_tests.AdvancedOperationsTest)" classname="junit_tests.AdvancedOperationsTest" time="0.012"/>
  <testcase name="testPow2 on testPow2(junit_tests.AdvancedOperationsTest)" classname="junit_tests.AdvancedOperationsTest" time="0.013"/>
  <testcase name="testPow3 on testPow3(junit_tests.AdvancedOperationsTest)" classname="junit_tests.AdvancedOperationsTest" time="0.128"/>
  <testcase name="testToRadians1 on testToRadians1(junit_tests.AdvancedOperationsTest)" classname="junit_tests.AdvancedOperationsTest" time="0.025"/>
  <testcase name="testToRadians2 on testToRadians2(junit_tests.AdvancedOperationsTest)" classname="junit_tests.AdvancedOperationsTest" time="0.02"/>
  <testcase name="testToRadians3 on testToRadians3(junit_tests.AdvancedOperationsTest)" classname="junit_tests.AdvancedOperationsTest" time="0.007"/>
  <testcase name="testSquareRoot1 on testSquareRoot1(junit_tests.AdvancedOperationsTest)" classname="junit_tests.AdvancedOperationsTest" time="0.006"/>
  <testcase name="testSquareRoot2 on testSquareRoot2(junit_tests.AdvancedOperationsTest)" classname="junit_tests.AdvancedOperationsTest" time="0.006"/>
  <testcase name="testSquareRoot3 on testSquareRoot3(junit_tests.AdvancedOperationsTest)" classname="junit_tests.AdvancedOperationsTest" time="0.005"/>
  <testcase name="testToDegrees1 on testToDegrees1(junit_tests.AdvancedOperationsTest)" classname="junit_tests.AdvancedOperationsTest" time="0.007"/>
  <testcase name="testToDegrees2 on testToDegrees2(junit_tests.AdvancedOperationsTest)" classname="junit_tests.AdvancedOperationsTest" time="0.011"/>
  <testcase name="testToDegrees3 on testToDegrees3(junit_tests.AdvancedOperationsTest)" classname="junit_tests.AdvancedOperationsTest" time="0.014"/>
  <testcase name="testRandom1 on testRandom1(junit_tests.AdvancedOperationsTest)" classname="junit_tests.AdvancedOperationsTest" time="0"/>
  <testcase name="testRandom2 on testRandom2(junit_tests.AdvancedOperationsTest)" classname="junit_tests.AdvancedOperationsTest" time="0.004"/>
  <testcase name="testRandom3 on testRandom3(junit_tests.AdvancedOperationsTest)" classname="junit_tests.AdvancedOperationsTest" time="0.005"/>
  <testcase name="testModula1 on testModula1(junit_tests.AdvancedOperationsTest)" classname="junit_tests.AdvancedOperationsTest" time="0.004"/>
  <testcase name="testModula2 on testModula2(junit_tests.AdvancedOperationsTest)" classname="junit_tests.AdvancedOperationsTest" time="0.006"/>
  <testcase name="testModula3 on testModula3(junit_tests.AdvancedOperationsTest)" classname="junit_tests.AdvancedOperationsTest" time="0.02"/>
  <testcase name="testMain on testMain(junit_tests.MainTest)" classname="junit_tests.MainTest" time="0.235"/>
</testsuite>